
Arrancando el informe CCSALDOS [Fri Nov 21 11:51:54 2003] ...
REP-0110: No se puede abrir el fichero 'CCSALDOS'.
REP-1070: Se ha producido un fallo de almacenamiento de objetos.
REP-0110: No se puede abrir el fichero 'CCSALDOS'.
Fin del informe CCSALDOS [Fri Nov 21 11:51:54 2003].

Arrancando el informe CCSALDOS [Mon Nov 24 11:33:36 2003] ...
REP-0110: No se puede abrir el fichero 'CCSALDOS'.
REP-1070: Se ha producido un fallo de almacenamiento de objetos.
REP-0110: No se puede abrir el fichero 'CCSALDOS'.
Fin del informe CCSALDOS [Mon Nov 24 11:33:36 2003].

Arrancando el informe CCSALDOS [Mon Nov 24 11:33:38 2003] ...
REP-0110: No se puede abrir el fichero 'CCSALDOS'.
REP-1070: Se ha producido un fallo de almacenamiento de objetos.
REP-0110: No se puede abrir el fichero 'CCSALDOS'.
Fin del informe CCSALDOS [Mon Nov 24 11:33:38 2003].

Arrancando el informe CCSALDOS [Mon Nov 24 12:22:55 2003] ...
REP-0110: No se puede abrir el fichero 'CCSALDOS'.
REP-1070: Se ha producido un fallo de almacenamiento de objetos.
REP-0110: No se puede abrir el fichero 'CCSALDOS'.
Fin del informe CCSALDOS [Mon Nov 24 12:22:55 2003].

Arrancando el informe CCSALDOS [Mon Nov 24 12:22:55 2003] ...
REP-0110: No se puede abrir el fichero 'CCSALDOS'.
REP-1070: Se ha producido un fallo de almacenamiento de objetos.
REP-0110: No se puede abrir el fichero 'CCSALDOS'.
Fin del informe CCSALDOS [Mon Nov 24 12:22:55 2003].

Arrancando el informe CCSALDOS [Mon Nov 24 12:25:35 2003] ...
REP-0110: No se puede abrir el fichero 'CCSALDOS'.
REP-1070: Se ha producido un fallo de almacenamiento de objetos.
REP-0110: No se puede abrir el fichero 'CCSALDOS'.
Fin del informe CCSALDOS [Mon Nov 24 12:25:35 2003].

Arrancando el informe vtncremi [Wed Aug 04 16:41:13 2004] ...
REP-0110: No se puede abrir el fichero 'vtncremi'.
REP-1070: Error al abrir o guardar un documento.
REP-0110: No se puede abrir el fichero 'vtncremi'.
Fin del informe vtncremi [Wed Aug 04 16:41:15 2004].

Arrancando el informe vtncremi [Wed Aug 04 16:42:42 2004] ...
Fin del informe vtncremi [Wed Aug 04 16:42:59 2004].

Arrancando el informe vtncremi [Wed Aug 04 16:43:11 2004] ...
Fin del informe vtncremi [Wed Aug 04 16:43:33 2004].

Arrancando el informe 
  			 [Fri Aug 06 14:54:41 2004] ...
REP-0110: No se puede abrir el fichero '
  			'.
REP-1070: Error al abrir o guardar un documento.
REP-0110: No se puede abrir el fichero '
  			'.
Fin del informe 
  			 [Fri Aug 06 14:54:42 2004].

Arrancando el informe 
   [Fri Aug 06 15:05:02 2004] ...
REP-0110: No se puede abrir el fichero '
  '.
REP-1070: Error al abrir o guardar un documento.
REP-0110: No se puede abrir el fichero '
  '.
Fin del informe 
   [Fri Aug 06 15:05:03 2004].

Arrancando el informe 
   [Fri Aug 06 15:06:30 2004] ...
REP-0110: No se puede abrir el fichero '
  '.
REP-1070: Error al abrir o guardar un documento.
REP-0110: No se puede abrir el fichero '
  '.
Fin del informe 
   [Fri Aug 06 15:06:31 2004].

Arrancando el informe RPPLANIL [Fri Aug 06 15:10:57 2004] ...
Fin del informe RPPLANIL [Fri Aug 06 15:11:05 2004].

Arrancando el informe RPPLANIL [Fri Aug 06 15:12:02 2004] ...
Fin del informe RPPLANIL [Fri Aug 06 15:12:15 2004].

Arrancando el informe RPPLANIL [Fri Aug 06 15:12:30 2004] ...
Fin del informe RPPLANIL [Fri Aug 06 15:12:44 2004].

Arrancando el informe RPPLANIL [Fri Aug 06 15:15:51 2004] ...
Fin del informe RPPLANIL [Fri Aug 06 15:16:03 2004].

Arrancando el informe RPPLANIL [Fri Aug 06 15:16:19 2004] ...
Fin del informe RPPLANIL [Fri Aug 06 15:16:24 2004].

Arrancando el informe RPPLANIL [Fri Aug 06 15:16:40 2004] ...
Fin del informe RPPLANIL [Fri Aug 06 15:16:53 2004].

Arrancando el informe vtfacved [Mon Aug 09 10:13:10 2004] ...
REP-1246: Documento de gráfico no encontrado.
Fin del informe vtfacved [Mon Aug 09 10:13:13 2004].

Arrancando el informe vtfacved [Mon Aug 09 10:13:14 2004] ...
REP-1246: Documento de gráfico no encontrado.
Fin del informe vtfacved [Mon Aug 09 10:13:16 2004].

Arrancando el informe RPPLANIL [Tue Aug 10 16:41:00 2004] ...
Fin del informe RPPLANIL [Tue Aug 10 16:41:06 2004].

Arrancando el informe CCSALREC [Thu Aug 26 15:55:34 2004] ...
Fin del informe CCSALREC [Thu Aug 26 15:56:11 2004].

Arrancando el informe CCSALREX [Thu Sep 02 11:47:03 2004] ...
Fin del informe CCSALREX [Thu Sep 02 11:48:07 2004].

Arrancando el informe CCSALREC [Fri Sep 03 11:04:12 2004] ...
Fin del informe CCSALREC [Fri Sep 03 11:07:58 2004].

Arrancando el informe CCSALREC [Fri Sep 03 11:08:02 2004] ...
Fin del informe CCSALREC [Fri Sep 03 11:08:21 2004].

Arrancando el informe VTVTAPRO [Thu Sep 09 10:10:55 2004] ...
Fin del informe VTVTAPRO [Thu Sep 09 10:11:10 2004].

Arrancando el informe VTVTAPRO [Thu Sep 09 10:11:17 2004] ...
Fin del informe VTVTAPRO [Thu Sep 09 10:11:40 2004].

Arrancando el informe VTVTAPRO [Thu Sep 09 10:27:20 2004] ...
Fin del informe VTVTAPRO [Thu Sep 09 10:27:30 2004].

Arrancando el informe VTVTAPRO [Thu Sep 09 10:28:45 2004] ...
Fin del informe VTVTAPRO [Thu Sep 09 10:37:53 2004].

Arrancando el informe vtrlicli [Sat Oct 09 09:57:49 2004] ...
REP-0110: No se puede abrir el fichero 'vtrlicli'.
REP-1070: Error al abrir o guardar un documento.
REP-0110: No se puede abrir el fichero 'vtrlicli'.
Fin del informe vtrlicli [Sat Oct 09 09:57:49 2004].

Arrancando el informe vtrlicli [Fri Oct 15 12:02:36 2004] ...
REP-0110: No se puede abrir el fichero 'vtrlicli'.
REP-1070: Error al abrir o guardar un documento.
REP-0110: No se puede abrir el fichero 'vtrlicli'.
Fin del informe vtrlicli [Fri Oct 15 12:02:36 2004].

Arrancando el informe vtrlicli [Fri Oct 15 12:03:09 2004] ...
REP-0110: No se puede abrir el fichero 'vtrlicli'.
REP-1070: Error al abrir o guardar un documento.
REP-0110: No se puede abrir el fichero 'vtrlicli'.
Fin del informe vtrlicli [Fri Oct 15 12:03:09 2004].

Arrancando el informe CPORDPAGOP [Fri Oct 29 10:16:39 2004] ...
REP-0110: No se puede abrir el fichero 'CPORDPAGOP'.
REP-1070: Error al abrir o guardar un documento.
REP-0110: No se puede abrir el fichero 'CPORDPAGOP'.
Fin del informe CPORDPAGOP [Fri Oct 29 10:16:40 2004].

Arrancando el informe cpordpaP [Fri Oct 29 10:49:01 2004] ...
REP-0091: Valor incorrecto para el parámetro 'P_FEC_MOV_CAJ'.
Fin del informe cpordpaP [Fri Oct 29 10:49:11 2004].

Arrancando el informe cpordpaP [Fri Oct 29 10:51:08 2004] ...
REP-0091: Valor incorrecto para el parámetro 'P_RECIBOS'.
Fin del informe cpordpaP [Fri Oct 29 10:51:13 2004].

Arrancando el informe cpordpaP [Fri Oct 29 10:51:38 2004] ...
REP-0091: Valor incorrecto para el parámetro 'P_RECIBOS'.
Fin del informe cpordpaP [Fri Oct 29 10:51:51 2004].

Arrancando el informe cpordpaP [Fri Oct 29 10:52:11 2004] ...
REP-0091: Valor incorrecto para el parámetro 'P_RECIBOS'.
Fin del informe cpordpaP [Fri Oct 29 10:52:18 2004].

Arrancando el informe cpordpaP [Fri Oct 29 10:55:34 2004] ...
Fin del informe cpordpaP [Fri Oct 29 10:55:46 2004].

Arrancando el informe cpordpaP [Fri Oct 29 11:09:49 2004] ...
Fin del informe cpordpaP [Fri Oct 29 11:09:57 2004].

Arrancando el informe cpordpaP [Fri Oct 29 11:10:00 2004] ...
Fin del informe cpordpaP [Fri Oct 29 11:10:08 2004].

Arrancando el informe VTLIBVEN [Fri Oct 29 11:37:08 2004] ...
Fin del informe VTLIBVEN [Fri Oct 29 11:37:38 2004].

Arrancando el informe cpordpaP [Fri Oct 29 17:45:57 2004] ...
Fin del informe cpordpaP [Fri Oct 29 17:46:06 2004].

Arrancando el informe cpordpaP [Fri Oct 29 17:59:58 2004] ...
Fin del informe cpordpaP [Fri Oct 29 18:00:35 2004].

Arrancando el informe cpordpaP [Mon Nov 01 11:28:16 2004] ...
Fin del informe cpordpaP [Mon Nov 01 11:28:22 2004].

Arrancando el informe cpordpaP [Mon Nov 01 17:42:49 2004] ...
Fin del informe cpordpaP [Mon Nov 01 17:42:55 2004].

Arrancando el informe cpordpaP [Mon Nov 01 18:09:27 2004] ...
Fin del informe cpordpaP [Mon Nov 01 18:09:30 2004].

Arrancando el informe cpordpaP [Mon Nov 01 18:45:12 2004] ...
Fin del informe cpordpaP [Mon Nov 01 18:45:17 2004].

Arrancando el informe STARTINV [Tue Nov 02 11:39:11 2004] ...
Fin del informe STARTINV [Tue Nov 02 11:39:35 2004].

Arrancando el informe STARTINV [Tue Nov 02 11:39:47 2004] ...
Fin del informe STARTINV [Tue Nov 02 11:40:02 2004].

Arrancando el informe STARTINV [Tue Nov 02 11:40:13 2004] ...
Fin del informe STARTINV [Tue Nov 02 11:40:25 2004].

Arrancando el informe STARTINV [Tue Nov 02 11:43:25 2004] ...
Fin del informe STARTINV [Tue Nov 02 11:43:36 2004].

Arrancando el informe CMPLACOS [Wed Nov 03 16:02:22 2004] ...
Fin del informe CMPLACOS [Wed Nov 03 16:03:58 2004].

Arrancando el informe CMPLACOS [Wed Nov 03 16:04:01 2004] ...
Fin del informe CMPLACOS [Wed Nov 03 16:04:23 2004].

Arrancando el informe CMFACTER [Wed Nov 03 16:04:27 2004] ...
Fin del informe CMFACTER [Wed Nov 03 16:17:54 2004].

Arrancando el informe CMFACTER [Thu Nov 04 09:29:15 2004] ...
Fin del informe CMFACTER [Thu Nov 04 09:32:55 2004].

Arrancando el informe CMFACTER [Thu Nov 04 09:42:41 2004] ...
Fin del informe CMFACTER [Thu Nov 04 09:43:16 2004].

Arrancando el informe CMFACTER [Thu Nov 04 10:11:25 2004] ...
Fin del informe CMFACTER [Thu Nov 04 10:12:08 2004].

Arrancando el informe CMFACTER [Thu Nov 04 10:24:47 2004] ...
Fin del informe CMFACTER [Thu Nov 04 10:24:56 2004].

Arrancando el informe CMFACTER [Thu Nov 04 10:37:01 2004] ...
Fin del informe CMFACTER [Thu Nov 04 10:49:07 2004].

Arrancando el informe CMFACTER [Thu Nov 04 16:08:30 2004] ...
Fin del informe CMFACTER [Thu Nov 04 16:30:56 2004].

Arrancando el informe STINVENC [Thu Nov 04 16:57:15 2004] ...
Fin del informe STINVENC [Thu Nov 04 16:57:26 2004].

Arrancando el informe CMFACTER [Thu Nov 04 17:12:37 2004] ...
Fin del informe CMFACTER [Thu Nov 04 17:12:58 2004].

Arrancando el informe CMFACTER [Thu Nov 04 18:13:13 2004] ...
Fin del informe CMFACTER [Thu Nov 04 18:13:32 2004].

Arrancando el informe CMFACTER [Thu Nov 04 18:14:37 2004] ...
Fin del informe CMFACTER [Thu Nov 04 18:15:43 2004].

Arrancando el informe VTFACEMD [Mon Nov 08 14:38:23 2004] ...
Fin del informe VTFACEMD [Mon Nov 08 14:38:33 2004].

Arrancando el informe CMFACTER [Tue Nov 16 09:55:22 2004] ...
Fin del informe CMFACTER [Tue Nov 16 09:56:45 2004].

Arrancando el informe CMFACTER [Tue Nov 16 09:57:18 2004] ...
Fin del informe CMFACTER [Tue Nov 16 10:00:42 2004].

Arrancando el informe CMFACTER [Tue Nov 16 10:01:13 2004] ...
Fin del informe CMFACTER [Tue Nov 16 10:03:11 2004].

Arrancando el informe CMFACTER [Tue Nov 16 10:09:06 2004] ...
Fin del informe CMFACTER [Tue Nov 16 10:10:04 2004].

Arrancando el informe CMFACTER [Tue Nov 16 10:15:35 2004] ...
Fin del informe CMFACTER [Tue Nov 16 10:15:51 2004].

Arrancando el informe CMFACTER [Tue Nov 16 10:25:54 2004] ...
Fin del informe CMFACTER [Tue Nov 16 10:31:27 2004].

Arrancando el informe CMFACTER [Tue Nov 16 10:33:29 2004] ...
Fin del informe CMFACTER [Tue Nov 16 10:35:22 2004].

Arrancando el informe CMFACTER [Tue Nov 16 10:35:44 2004] ...
Fin del informe CMFACTER [Tue Nov 16 10:42:07 2004].

Arrancando el informe CMFACTER [Tue Nov 16 11:05:39 2004] ...
Fin del informe CMFACTER [Tue Nov 16 11:06:13 2004].

Arrancando el informe CMFACTER [Tue Nov 16 11:15:49 2004] ...
Fin del informe CMFACTER [Tue Nov 16 11:16:10 2004].

Arrancando el informe CMFACTER [Tue Nov 16 11:16:43 2004] ...
Fin del informe CMFACTER [Tue Nov 16 11:18:54 2004].

Arrancando el informe CMFACTER [Tue Nov 16 11:22:21 2004] ...
Fin del informe CMFACTER [Tue Nov 16 11:23:56 2004].

Arrancando el informe CMFACTER [Tue Nov 16 11:45:31 2004] ...
Fin del informe CMFACTER [Tue Nov 16 11:51:26 2004].

Arrancando el informe CMFACTER [Tue Nov 16 11:52:15 2004] ...
Fin del informe CMFACTER [Tue Nov 16 11:54:52 2004].

Arrancando el informe CMFACTER [Tue Nov 16 11:55:14 2004] ...
Fin del informe CMFACTER [Tue Nov 16 11:55:29 2004].

Arrancando el informe CMFACTER [Tue Nov 16 14:59:46 2004] ...
Fin del informe CMFACTER [Tue Nov 16 15:03:59 2004].

Arrancando el informe CMFACTER [Mon Nov 29 10:37:47 2004] ...
Fin del informe CMFACTER [Mon Nov 29 10:39:37 2004].

Arrancando el informe CMFACTER [Mon Nov 29 10:48:21 2004] ...
Fin del informe CMFACTER [Mon Nov 29 10:48:59 2004].

Arrancando el informe CMFACTER [Mon Nov 29 10:58:28 2004] ...
Fin del informe CMFACTER [Mon Nov 29 10:58:38 2004].
