

***********************************************************************
Fatal OSN connect error 12154, connecting to:
 dsa

  VERSION INFORMATION:
	TNS for 32-bit Windows: Version 2.3.2.1.0 - Production
  Time: 28-FEB-02 13:17:27
  Tracing not turned on.


***********************************************************************
Fatal OSN connect error 12203, connecting to:
 (DESCRIPTION=(CONNECT_DATA=(SID=DESA)(CID=(PROGRAM=F45DES32.EXE)(HOST=Windows 95 PC)(USER=admin)))(ADDRESS_LIST=(ADDRESS=(PROTOCOL=ipc)(KEY=desa.world))(ADDRESS=(COMMUNITY=tcp.world)(PROTOCOL=TCP)(Host=desa)(Port=1521))(ADDRESS=(COMMUNITY=tcp.world)(PROTOCOL=TCP)(Host=desa)(Port=1526))))

  VERSION INFORMATION:
	TNS for 32-bit Windows: Version 2.3.2.1.0 - Production
	Windows NT TCP/IP NT Protocol Adapter for 32-bit Windows: Version 2.3.2.1.3 - Production
  Time: 13-MAR-02 17:29:52
  Tracing not turned on.
  Tns error struct:
    nr err code: 12203
    TNS-12203: TNS:no se puede conectar con el destino
    ns main err code: 12560
    TNS-12560: TNS:error del adaptador de protocolo
    ns secondary err code: 0
    nt main err code: 530
    TNS-00530: Error del adaptador de protocolo
    nt secondary err code: 55
    nt OS err code: 0


***********************************************************************
Fatal OSN connect error 12203, connecting to:
 (DESCRIPTION=(CONNECT_DATA=(SID=ORCL)(CID=(PROGRAM=F45DES32.EXE)(HOST=Windows 95 PC)(USER=admin)))(ADDRESS_LIST=(ADDRESS=(PROTOCOL=ipc)(KEY=NGO.world))(ADDRESS=(COMMUNITY=tcp.world)(PROTOCOL=TCP)(Host=192.168.15.2)(Port=1521))(ADDRESS=(COMMUNITY=tcp.world)(PROTOCOL=TCP)(Host=192.168.15.2)(Port=1526))))

  VERSION INFORMATION:
	TNS for 32-bit Windows: Version 2.3.2.1.0 - Production
	Windows NT TCP/IP NT Protocol Adapter for 32-bit Windows: Version 2.3.2.1.3 - Production
  Time: 13-MAR-02 17:30:22
  Tracing not turned on.
  Tns error struct:
    nr err code: 12203
    TNS-12203: TNS:no se puede conectar con el destino
    ns main err code: 12560
    TNS-12560: TNS:error del adaptador de protocolo
    ns secondary err code: 0
    nt main err code: 530
    TNS-00530: Error del adaptador de protocolo
    nt secondary err code: 55
    nt OS err code: 0


***********************************************************************
Fatal OSN connect error 12203, connecting to:
 (DESCRIPTION=(CONNECT_DATA=(SID=ORCL)(CID=(PROGRAM=F45DES32.EXE)(HOST=Windows 95 PC)(USER=admin)))(ADDRESS_LIST=(ADDRESS=(PROTOCOL=ipc)(KEY=NGO.world))(ADDRESS=(COMMUNITY=tcp.world)(PROTOCOL=TCP)(Host=192.168.15.2)(Port=1521))(ADDRESS=(COMMUNITY=tcp.world)(PROTOCOL=TCP)(Host=192.168.15.2)(Port=1526))))

  VERSION INFORMATION:
	TNS for 32-bit Windows: Version 2.3.2.1.0 - Production
	Windows NT TCP/IP NT Protocol Adapter for 32-bit Windows: Version 2.3.2.1.3 - Production
  Time: 13-MAR-02 17:30:52
  Tracing not turned on.
  Tns error struct:
    nr err code: 12203
    TNS-12203: TNS:no se puede conectar con el destino
    ns main err code: 12560
    TNS-12560: TNS:error del adaptador de protocolo
    ns secondary err code: 0
    nt main err code: 530
    TNS-00530: Error del adaptador de protocolo
    nt secondary err code: 55
    nt OS err code: 0


***********************************************************************
Fatal OSN connect error 12203, connecting to:
 (DESCRIPTION=(CONNECT_DATA=(SID=ORCL)(CID=(PROGRAM=F45DES32.EXE)(HOST=Windows 95 PC)(USER=admin)))(ADDRESS_LIST=(ADDRESS=(PROTOCOL=ipc)(KEY=NGO.world))(ADDRESS=(COMMUNITY=tcp.world)(PROTOCOL=TCP)(Host=192.168.15.2)(Port=1521))(ADDRESS=(COMMUNITY=tcp.world)(PROTOCOL=TCP)(Host=192.168.15.2)(Port=1526))))

  VERSION INFORMATION:
	TNS for 32-bit Windows: Version 2.3.2.1.0 - Production
	Windows NT TCP/IP NT Protocol Adapter for 32-bit Windows: Version 2.3.2.1.3 - Production
  Time: 13-MAR-02 17:31:22
  Tracing not turned on.
  Tns error struct:
    nr err code: 12203
    TNS-12203: TNS:no se puede conectar con el destino
    ns main err code: 12560
    TNS-12560: TNS:error del adaptador de protocolo
    ns secondary err code: 0
    nt main err code: 530
    TNS-00530: Error del adaptador de protocolo
    nt secondary err code: 55
    nt OS err code: 0


***********************************************************************
Fatal OSN connect error 12203, connecting to:
 (DESCRIPTION=(CONNECT_DATA=(SID=desa)(CID=(PROGRAM=F45DBG32.EXE)(HOST=Windows 95 PC)(USER=inventiva)))(ADDRESS_LIST=(ADDRESS=(PROTOCOL=ipc)(KEY=d.world))(ADDRESS=(COMMUNITY=tcp.world)(PROTOCOL=TCP)(Host=desa)(Port=1521))(ADDRESS=(COMMUNITY=tcp.world)(PROTOCOL=TCP)(Host=desa)(Port=1526))))

  VERSION INFORMATION:
	TNS for 32-bit Windows: Version 2.3.2.1.0 - Production
	Windows NT TCP/IP NT Protocol Adapter for 32-bit Windows: Version 2.3.2.1.3 - Production
  Time: 10-ABR-02 13:06:09
  Tracing not turned on.
  Tns error struct:
    nr err code: 12203
    TNS-12203: TNS:no se puede conectar con el destino
    ns main err code: 12560
    TNS-12560: TNS:error del adaptador de protocolo
    ns secondary err code: 0
    nt main err code: 530
    TNS-00530: Error del adaptador de protocolo
    nt secondary err code: 55
    nt OS err code: 0


***********************************************************************
Fatal OSN connect error 12203, connecting to:
 (DESCRIPTION=(CONNECT_DATA=(SID=desa)(CID=(PROGRAM=F45DBG32.EXE)(HOST=Windows 95 PC)(USER=inventiva)))(ADDRESS_LIST=(ADDRESS=(PROTOCOL=ipc)(KEY=d.world))(ADDRESS=(COMMUNITY=tcp.world)(PROTOCOL=TCP)(Host=desa)(Port=1521))(ADDRESS=(COMMUNITY=tcp.world)(PROTOCOL=TCP)(Host=desa)(Port=1526))))

  VERSION INFORMATION:
	TNS for 32-bit Windows: Version 2.3.2.1.0 - Production
	Windows NT TCP/IP NT Protocol Adapter for 32-bit Windows: Version 2.3.2.1.3 - Production
  Time: 10-ABR-02 13:06:41
  Tracing not turned on.
  Tns error struct:
    nr err code: 12203
    TNS-12203: TNS:no se puede conectar con el destino
    ns main err code: 12560
    TNS-12560: TNS:error del adaptador de protocolo
    ns secondary err code: 0
    nt main err code: 530
    TNS-00530: Error del adaptador de protocolo
    nt secondary err code: 55
    nt OS err code: 0


***********************************************************************
Fatal OSN connect error 12500, connecting to:
 (DESCRIPTION=(CONNECT_DATA=(SID=desa)(CID=(PROGRAM=F45DBG32.EXE)(HOST=Windows 95 PC)(USER=inventiva)))(ADDRESS_LIST=(ADDRESS=(PROTOCOL=ipc)(KEY=d.world))(ADDRESS=(COMMUNITY=tcp.world)(PROTOCOL=TCP)(Host=desa)(Port=1521))(ADDRESS=(COMMUNITY=tcp.world)(PROTOCOL=TCP)(Host=desa)(Port=1526))))

  VERSION INFORMATION:
	TNS for 32-bit Windows: Version 2.3.2.1.0 - Production
	Windows NT TCP/IP NT Protocol Adapter for 32-bit Windows: Version 2.3.2.1.3 - Production
  Time: 10-ABR-02 13:23:56
  Tracing not turned on.
  Tns error struct:
    nr err code: 12204
    TNS-12204: TNS:una aplicación ha rechazado los datos recibidos
    ns main err code: 12564
    TNS-12564: TNS:conexión rechazada
    ns secondary err code: 0
    nt main err code: 0
    nt secondary err code: 0
    nt OS err code: 0


***********************************************************************
Fatal OSN connect error 12500, connecting to:
 (DESCRIPTION=(CONNECT_DATA=(SID=desa)(CID=(PROGRAM=F45DBG32.EXE)(HOST=Windows 95 PC)(USER=inventiva)))(ADDRESS_LIST=(ADDRESS=(PROTOCOL=ipc)(KEY=d.world))(ADDRESS=(COMMUNITY=tcp.world)(PROTOCOL=TCP)(Host=desa)(Port=1521))(ADDRESS=(COMMUNITY=tcp.world)(PROTOCOL=TCP)(Host=desa)(Port=1526))))

  VERSION INFORMATION:
	TNS for 32-bit Windows: Version 2.3.2.1.0 - Production
	Windows NT TCP/IP NT Protocol Adapter for 32-bit Windows: Version 2.3.2.1.3 - Production
  Time: 10-ABR-02 13:23:56
  Tracing not turned on.
  Tns error struct:
    nr err code: 12204
    TNS-12204: TNS:una aplicación ha rechazado los datos recibidos
    ns main err code: 12564
    TNS-12564: TNS:conexión rechazada
    ns secondary err code: 0
    nt main err code: 0
    nt secondary err code: 0
    nt OS err code: 0


***********************************************************************
Fatal OSN connect error 12500, connecting to:
 (DESCRIPTION=(CONNECT_DATA=(SID=desa)(CID=(PROGRAM=F45DBG32.EXE)(HOST=Windows 95 PC)(USER=inventiva)))(ADDRESS_LIST=(ADDRESS=(PROTOCOL=ipc)(KEY=d.world))(ADDRESS=(COMMUNITY=tcp.world)(PROTOCOL=TCP)(Host=desa)(Port=1521))(ADDRESS=(COMMUNITY=tcp.world)(PROTOCOL=TCP)(Host=desa)(Port=1526))))

  VERSION INFORMATION:
	TNS for 32-bit Windows: Version 2.3.2.1.0 - Production
	Windows NT TCP/IP NT Protocol Adapter for 32-bit Windows: Version 2.3.2.1.3 - Production
  Time: 10-ABR-02 13:23:56
  Tracing not turned on.
  Tns error struct:
    nr err code: 12204
    TNS-12204: TNS:una aplicación ha rechazado los datos recibidos
    ns main err code: 12564
    TNS-12564: TNS:conexión rechazada
    ns secondary err code: 0
    nt main err code: 0
    nt secondary err code: 0
    nt OS err code: 0


***********************************************************************
Fatal OSN connect error 12500, connecting to:
 (DESCRIPTION=(CONNECT_DATA=(SID=desa)(CID=(PROGRAM=F45DBG32.EXE)(HOST=Windows 95 PC)(USER=inventiva)))(ADDRESS_LIST=(ADDRESS=(PROTOCOL=ipc)(KEY=d.world))(ADDRESS=(COMMUNITY=tcp.world)(PROTOCOL=TCP)(Host=desa)(Port=1521))(ADDRESS=(COMMUNITY=tcp.world)(PROTOCOL=TCP)(Host=desa)(Port=1526))))

  VERSION INFORMATION:
	TNS for 32-bit Windows: Version 2.3.2.1.0 - Production
	Windows NT TCP/IP NT Protocol Adapter for 32-bit Windows: Version 2.3.2.1.3 - Production
  Time: 10-ABR-02 13:23:56
  Tracing not turned on.
  Tns error struct:
    nr err code: 12204
    TNS-12204: TNS:una aplicación ha rechazado los datos recibidos
    ns main err code: 12564
    TNS-12564: TNS:conexión rechazada
    ns secondary err code: 0
    nt main err code: 0
    nt secondary err code: 0
    nt OS err code: 0


***********************************************************************
Fatal OSN connect error 12500, connecting to:
 (DESCRIPTION=(CONNECT_DATA=(SID=desa)(CID=(PROGRAM=F45DBG32.EXE)(HOST=Windows 95 PC)(USER=inventiva)))(ADDRESS_LIST=(ADDRESS=(PROTOCOL=ipc)(KEY=d.world))(ADDRESS=(COMMUNITY=tcp.world)(PROTOCOL=TCP)(Host=desa)(Port=1521))(ADDRESS=(COMMUNITY=tcp.world)(PROTOCOL=TCP)(Host=desa)(Port=1526))))

  VERSION INFORMATION:
	TNS for 32-bit Windows: Version 2.3.2.1.0 - Production
	Windows NT TCP/IP NT Protocol Adapter for 32-bit Windows: Version 2.3.2.1.3 - Production
  Time: 10-ABR-02 13:24:01
  Tracing not turned on.
  Tns error struct:
    nr err code: 12204
    TNS-12204: TNS:una aplicación ha rechazado los datos recibidos
    ns main err code: 12564
    TNS-12564: TNS:conexión rechazada
    ns secondary err code: 0
    nt main err code: 0
    nt secondary err code: 0
    nt OS err code: 0


***********************************************************************
Fatal OSN connect error 12500, connecting to:
 (DESCRIPTION=(CONNECT_DATA=(SID=desa)(CID=(PROGRAM=F45DBG32.EXE)(HOST=Windows 95 PC)(USER=inventiva)))(ADDRESS_LIST=(ADDRESS=(PROTOCOL=ipc)(KEY=d.world))(ADDRESS=(COMMUNITY=tcp.world)(PROTOCOL=TCP)(Host=desa)(Port=1521))(ADDRESS=(COMMUNITY=tcp.world)(PROTOCOL=TCP)(Host=desa)(Port=1526))))

  VERSION INFORMATION:
	TNS for 32-bit Windows: Version 2.3.2.1.0 - Production
	Windows NT TCP/IP NT Protocol Adapter for 32-bit Windows: Version 2.3.2.1.3 - Production
  Time: 10-ABR-02 13:24:02
  Tracing not turned on.
  Tns error struct:
    nr err code: 12204
    TNS-12204: TNS:una aplicación ha rechazado los datos recibidos
    ns main err code: 12564
    TNS-12564: TNS:conexión rechazada
    ns secondary err code: 0
    nt main err code: 0
    nt secondary err code: 0
    nt OS err code: 0


***********************************************************************
Fatal OSN connect error 12500, connecting to:
 (DESCRIPTION=(CONNECT_DATA=(SID=desa)(CID=(PROGRAM=F45DBG32.EXE)(HOST=Windows 95 PC)(USER=inventiva)))(ADDRESS_LIST=(ADDRESS=(PROTOCOL=ipc)(KEY=d.world))(ADDRESS=(COMMUNITY=tcp.world)(PROTOCOL=TCP)(Host=desa)(Port=1521))(ADDRESS=(COMMUNITY=tcp.world)(PROTOCOL=TCP)(Host=desa)(Port=1526))))

  VERSION INFORMATION:
	TNS for 32-bit Windows: Version 2.3.2.1.0 - Production
	Windows NT TCP/IP NT Protocol Adapter for 32-bit Windows: Version 2.3.2.1.3 - Production
  Time: 10-ABR-02 13:24:02
  Tracing not turned on.
  Tns error struct:
    nr err code: 12204
    TNS-12204: TNS:una aplicación ha rechazado los datos recibidos
    ns main err code: 12564
    TNS-12564: TNS:conexión rechazada
    ns secondary err code: 0
    nt main err code: 0
    nt secondary err code: 0
    nt OS err code: 0


***********************************************************************
Fatal OSN connect error 12500, connecting to:
 (DESCRIPTION=(CONNECT_DATA=(SID=desa)(CID=(PROGRAM=F45DBG32.EXE)(HOST=Windows 95 PC)(USER=inventiva)))(ADDRESS_LIST=(ADDRESS=(PROTOCOL=ipc)(KEY=d.world))(ADDRESS=(COMMUNITY=tcp.world)(PROTOCOL=TCP)(Host=desa)(Port=1521))(ADDRESS=(COMMUNITY=tcp.world)(PROTOCOL=TCP)(Host=desa)(Port=1526))))

  VERSION INFORMATION:
	TNS for 32-bit Windows: Version 2.3.2.1.0 - Production
	Windows NT TCP/IP NT Protocol Adapter for 32-bit Windows: Version 2.3.2.1.3 - Production
  Time: 10-ABR-02 13:24:02
  Tracing not turned on.
  Tns error struct:
    nr err code: 12204
    TNS-12204: TNS:una aplicación ha rechazado los datos recibidos
    ns main err code: 12564
    TNS-12564: TNS:conexión rechazada
    ns secondary err code: 0
    nt main err code: 0
    nt secondary err code: 0
    nt OS err code: 0


***********************************************************************
Fatal OSN connect error 12500, connecting to:
 (DESCRIPTION=(CONNECT_DATA=(SID=desa)(CID=(PROGRAM=F45DBG32.EXE)(HOST=Windows 95 PC)(USER=inventiva)))(ADDRESS_LIST=(ADDRESS=(PROTOCOL=ipc)(KEY=d.world))(ADDRESS=(COMMUNITY=tcp.world)(PROTOCOL=TCP)(Host=desa)(Port=1521))(ADDRESS=(COMMUNITY=tcp.world)(PROTOCOL=TCP)(Host=desa)(Port=1526))))

  VERSION INFORMATION:
	TNS for 32-bit Windows: Version 2.3.2.1.0 - Production
	Windows NT TCP/IP NT Protocol Adapter for 32-bit Windows: Version 2.3.2.1.3 - Production
  Time: 10-ABR-02 13:24:30
  Tracing not turned on.
  Tns error struct:
    nr err code: 12204
    TNS-12204: TNS:una aplicación ha rechazado los datos recibidos
    ns main err code: 12564
    TNS-12564: TNS:conexión rechazada
    ns secondary err code: 0
    nt main err code: 0
    nt secondary err code: 0
    nt OS err code: 0


***********************************************************************
Fatal OSN connect error 12500, connecting to:
 (DESCRIPTION=(CONNECT_DATA=(SID=desa)(CID=(PROGRAM=F45DBG32.EXE)(HOST=Windows 95 PC)(USER=inventiva)))(ADDRESS_LIST=(ADDRESS=(PROTOCOL=ipc)(KEY=d.world))(ADDRESS=(COMMUNITY=tcp.world)(PROTOCOL=TCP)(Host=desa)(Port=1521))(ADDRESS=(COMMUNITY=tcp.world)(PROTOCOL=TCP)(Host=desa)(Port=1526))))

  VERSION INFORMATION:
	TNS for 32-bit Windows: Version 2.3.2.1.0 - Production
	Windows NT TCP/IP NT Protocol Adapter for 32-bit Windows: Version 2.3.2.1.3 - Production
  Time: 10-ABR-02 13:24:30
  Tracing not turned on.
  Tns error struct:
    nr err code: 12204
    TNS-12204: TNS:una aplicación ha rechazado los datos recibidos
    ns main err code: 12564
    TNS-12564: TNS:conexión rechazada
    ns secondary err code: 0
    nt main err code: 0
    nt secondary err code: 0
    nt OS err code: 0


***********************************************************************
Fatal OSN connect error 12500, connecting to:
 (DESCRIPTION=(CONNECT_DATA=(SID=desa)(CID=(PROGRAM=F45DBG32.EXE)(HOST=Windows 95 PC)(USER=inventiva)))(ADDRESS_LIST=(ADDRESS=(PROTOCOL=ipc)(KEY=d.world))(ADDRESS=(COMMUNITY=tcp.world)(PROTOCOL=TCP)(Host=desa)(Port=1521))(ADDRESS=(COMMUNITY=tcp.world)(PROTOCOL=TCP)(Host=desa)(Port=1526))))

  VERSION INFORMATION:
	TNS for 32-bit Windows: Version 2.3.2.1.0 - Production
	Windows NT TCP/IP NT Protocol Adapter for 32-bit Windows: Version 2.3.2.1.3 - Production
  Time: 10-ABR-02 13:24:30
  Tracing not turned on.
  Tns error struct:
    nr err code: 12204
    TNS-12204: TNS:una aplicación ha rechazado los datos recibidos
    ns main err code: 12564
    TNS-12564: TNS:conexión rechazada
    ns secondary err code: 0
    nt main err code: 0
    nt secondary err code: 0
    nt OS err code: 0


***********************************************************************
Fatal OSN connect error 12500, connecting to:
 (DESCRIPTION=(CONNECT_DATA=(SID=desa)(CID=(PROGRAM=F45DBG32.EXE)(HOST=Windows 95 PC)(USER=inventiva)))(ADDRESS_LIST=(ADDRESS=(PROTOCOL=ipc)(KEY=d.world))(ADDRESS=(COMMUNITY=tcp.world)(PROTOCOL=TCP)(Host=desa)(Port=1521))(ADDRESS=(COMMUNITY=tcp.world)(PROTOCOL=TCP)(Host=desa)(Port=1526))))

  VERSION INFORMATION:
	TNS for 32-bit Windows: Version 2.3.2.1.0 - Production
	Windows NT TCP/IP NT Protocol Adapter for 32-bit Windows: Version 2.3.2.1.3 - Production
  Time: 10-ABR-02 13:24:31
  Tracing not turned on.
  Tns error struct:
    nr err code: 12204
    TNS-12204: TNS:una aplicación ha rechazado los datos recibidos
    ns main err code: 12564
    TNS-12564: TNS:conexión rechazada
    ns secondary err code: 0
    nt main err code: 0
    nt secondary err code: 0
    nt OS err code: 0


***********************************************************************
Fatal OSN connect error 12203, connecting to:
 (DESCRIPTION=(CONNECT_DATA=(SID=desa)(CID=(PROGRAM=F45DBG32.EXE)(HOST=Windows 95 PC)(USER=inventiva)))(ADDRESS_LIST=(ADDRESS=(PROTOCOL=ipc)(KEY=d.world))(ADDRESS=(COMMUNITY=tcp.world)(PROTOCOL=TCP)(Host=desa)(Port=1521))(ADDRESS=(COMMUNITY=tcp.world)(PROTOCOL=TCP)(Host=desa)(Port=1526))))

  VERSION INFORMATION:
	TNS for 32-bit Windows: Version 2.3.2.1.0 - Production
	Windows NT TCP/IP NT Protocol Adapter for 32-bit Windows: Version 2.3.2.1.3 - Production
  Time: 10-ABR-02 13:51:25
  Tracing not turned on.
  Tns error struct:
    nr err code: 12203
    TNS-12203: TNS:no se puede conectar con el destino
    ns main err code: 12560
    TNS-12560: TNS:error del adaptador de protocolo
    ns secondary err code: 0
    nt main err code: 530
    TNS-00530: Error del adaptador de protocolo
    nt secondary err code: 55
    nt OS err code: 0


***********************************************************************
Fatal OSN connect error 12203, connecting to:
 (DESCRIPTION=(CONNECT_DATA=(SID=desa)(CID=(PROGRAM=F45DBG32.EXE)(HOST=Windows 95 PC)(USER=inventiva)))(ADDRESS_LIST=(ADDRESS=(PROTOCOL=ipc)(KEY=d.world))(ADDRESS=(COMMUNITY=tcp.world)(PROTOCOL=TCP)(Host=desa)(Port=1521))(ADDRESS=(COMMUNITY=tcp.world)(PROTOCOL=TCP)(Host=desa)(Port=1526))))

  VERSION INFORMATION:
	TNS for 32-bit Windows: Version 2.3.2.1.0 - Production
	Windows NT TCP/IP NT Protocol Adapter for 32-bit Windows: Version 2.3.2.1.3 - Production
  Time: 10-ABR-02 13:51:56
  Tracing not turned on.
  Tns error struct:
    nr err code: 12203
    TNS-12203: TNS:no se puede conectar con el destino
    ns main err code: 12560
    TNS-12560: TNS:error del adaptador de protocolo
    ns secondary err code: 0
    nt main err code: 530
    TNS-00530: Error del adaptador de protocolo
    nt secondary err code: 55
    nt OS err code: 0


***********************************************************************
Fatal OSN connect error 12203, connecting to:
 (DESCRIPTION=(CONNECT_DATA=(SID=desa)(CID=(PROGRAM=F45DBG32.EXE)(HOST=Windows 95 PC)(USER=inventiva)))(ADDRESS_LIST=(ADDRESS=(PROTOCOL=ipc)(KEY=d.world))(ADDRESS=(COMMUNITY=tcp.world)(PROTOCOL=TCP)(Host=desa)(Port=1521))(ADDRESS=(COMMUNITY=tcp.world)(PROTOCOL=TCP)(Host=desa)(Port=1526))))

  VERSION INFORMATION:
	TNS for 32-bit Windows: Version 2.3.2.1.0 - Production
	Windows NT TCP/IP NT Protocol Adapter for 32-bit Windows: Version 2.3.2.1.3 - Production
  Time: 10-ABR-02 13:52:26
  Tracing not turned on.
  Tns error struct:
    nr err code: 12203
    TNS-12203: TNS:no se puede conectar con el destino
    ns main err code: 12560
    TNS-12560: TNS:error del adaptador de protocolo
    ns secondary err code: 0
    nt main err code: 530
    TNS-00530: Error del adaptador de protocolo
    nt secondary err code: 55
    nt OS err code: 0


***********************************************************************
Fatal OSN connect error 12203, connecting to:
 (DESCRIPTION=(CONNECT_DATA=(SID=desa)(CID=(PROGRAM=F45DBG32.EXE)(HOST=Windows 95 PC)(USER=inventiva)))(ADDRESS_LIST=(ADDRESS=(PROTOCOL=ipc)(KEY=d.world))(ADDRESS=(COMMUNITY=tcp.world)(PROTOCOL=TCP)(Host=desa)(Port=1521))(ADDRESS=(COMMUNITY=tcp.world)(PROTOCOL=TCP)(Host=desa)(Port=1526))))

  VERSION INFORMATION:
	TNS for 32-bit Windows: Version 2.3.2.1.0 - Production
	Windows NT TCP/IP NT Protocol Adapter for 32-bit Windows: Version 2.3.2.1.3 - Production
  Time: 10-ABR-02 13:52:56
  Tracing not turned on.
  Tns error struct:
    nr err code: 12203
    TNS-12203: TNS:no se puede conectar con el destino
    ns main err code: 12560
    TNS-12560: TNS:error del adaptador de protocolo
    ns secondary err code: 0
    nt main err code: 530
    TNS-00530: Error del adaptador de protocolo
    nt secondary err code: 55
    nt OS err code: 0


***********************************************************************
Fatal OSN connect error 12203, connecting to:
 (DESCRIPTION=(CONNECT_DATA=(SID=desa)(CID=(PROGRAM=F45DBG32.EXE)(HOST=Windows 95 PC)(USER=inventiva)))(ADDRESS_LIST=(ADDRESS=(PROTOCOL=ipc)(KEY=d.world))(ADDRESS=(COMMUNITY=tcp.world)(PROTOCOL=TCP)(Host=desa)(Port=1521))(ADDRESS=(COMMUNITY=tcp.world)(PROTOCOL=TCP)(Host=desa)(Port=1526))))

  VERSION INFORMATION:
	TNS for 32-bit Windows: Version 2.3.2.1.0 - Production
	Windows NT TCP/IP NT Protocol Adapter for 32-bit Windows: Version 2.3.2.1.3 - Production
  Time: 18-ABR-02 13:58:23
  Tracing not turned on.
  Tns error struct:
    nr err code: 12203
    TNS-12203: TNS:no se puede conectar con el destino
    ns main err code: 12541
    TNS-12541: TNS:no hay ningún receptor
    ns secondary err code: 12560
    nt main err code: 511
    TNS-00511: No hay receptor
    nt secondary err code: 61
    nt OS err code: 0


***********************************************************************
Fatal OSN connect error 12203, connecting to:
 (DESCRIPTION=(CONNECT_DATA=(SID=desa)(CID=(PROGRAM=F45DBG32.EXE)(HOST=Windows 95 PC)(USER=inventiva)))(ADDRESS_LIST=(ADDRESS=(PROTOCOL=ipc)(KEY=d.world))(ADDRESS=(COMMUNITY=tcp.world)(PROTOCOL=TCP)(Host=desa)(Port=1521))(ADDRESS=(COMMUNITY=tcp.world)(PROTOCOL=TCP)(Host=desa)(Port=1526))))

  VERSION INFORMATION:
	TNS for 32-bit Windows: Version 2.3.2.1.0 - Production
	Windows NT TCP/IP NT Protocol Adapter for 32-bit Windows: Version 2.3.2.1.3 - Production
  Time: 18-ABR-02 14:05:18
  Tracing not turned on.
  Tns error struct:
    nr err code: 12203
    TNS-12203: TNS:no se puede conectar con el destino
    ns main err code: 12541
    TNS-12541: TNS:no hay ningún receptor
    ns secondary err code: 12560
    nt main err code: 511
    TNS-00511: No hay receptor
    nt secondary err code: 61
    nt OS err code: 0


***********************************************************************
Fatal OSN connect error 12154, connecting to:
 DESA

  VERSION INFORMATION:
	TNS for 32-bit Windows: Version 2.3.2.1.0 - Production
  Time: 18-JUN-02 17:19:24
  Tracing not turned on.


***********************************************************************
Fatal OSN connect error 12154, connecting to:
 ÑLK

  VERSION INFORMATION:
	TNS for 32-bit Windows: Version 2.3.2.1.0 - Production
  Time: 25-SEP-02 16:48:25
  Tracing not turned on.


***********************************************************************
Fatal OSN connect error 12203, connecting to:
 (DESCRIPTION=(CONNECT_DATA=(SID=ORCL)(CID=(PROGRAM=F45DES32.EXE)(HOST=PC111)(USER=Inventiva)))(ADDRESS_LIST=(ADDRESS=(PROTOCOL=ipc)(KEY=NGO.world))(ADDRESS=(COMMUNITY=tcp.world)(PROTOCOL=TCP)(Host=192.168.15.2)(Port=1521))(ADDRESS=(COMMUNITY=tcp.world)(PROTOCOL=TCP)(Host=192.168.15.2)(Port=1526))))

  VERSION INFORMATION:
	TNS for 32-bit Windows: Version 2.3.2.1.0 - Production
	Windows NT TCP/IP NT Protocol Adapter for 32-bit Windows: Version 2.3.2.1.3 - Production
  Time: 01-OCT-02 08:14:57
  Tracing not turned on.
  Tns error struct:
    nr err code: 12203
    TNS-12203: TNS:no se puede conectar con el destino
    ns main err code: 12541
    TNS-12541: TNS:no hay ningún receptor
    ns secondary err code: 12560
    nt main err code: 511
    TNS-00511: No hay receptor
    nt secondary err code: 61
    nt OS err code: 0


***********************************************************************
Fatal OSN connect error 12203, connecting to:
 (DESCRIPTION=(CONNECT_DATA=(SID=ORCL)(CID=(PROGRAM=F45DES32.EXE)(HOST=PC111)(USER=Inventiva)))(ADDRESS_LIST=(ADDRESS=(PROTOCOL=ipc)(KEY=NGO.world))(ADDRESS=(COMMUNITY=tcp.world)(PROTOCOL=TCP)(Host=192.168.15.2)(Port=1521))(ADDRESS=(COMMUNITY=tcp.world)(PROTOCOL=TCP)(Host=192.168.15.2)(Port=1526))))

  VERSION INFORMATION:
	TNS for 32-bit Windows: Version 2.3.2.1.0 - Production
	Windows NT TCP/IP NT Protocol Adapter for 32-bit Windows: Version 2.3.2.1.3 - Production
  Time: 01-OCT-02 08:15:00
  Tracing not turned on.
  Tns error struct:
    nr err code: 12203
    TNS-12203: TNS:no se puede conectar con el destino
    ns main err code: 12541
    TNS-12541: TNS:no hay ningún receptor
    ns secondary err code: 12560
    nt main err code: 511
    TNS-00511: No hay receptor
    nt secondary err code: 61
    nt OS err code: 0


***********************************************************************
Fatal OSN connect error 12203, connecting to:
 (DESCRIPTION=(CONNECT_DATA=(SID=ORCL)(CID=(PROGRAM=F45DES32.EXE)(HOST=PC111)(USER=Inventiva)))(ADDRESS_LIST=(ADDRESS=(PROTOCOL=ipc)(KEY=NGO.world))(ADDRESS=(COMMUNITY=tcp.world)(PROTOCOL=TCP)(Host=192.168.15.2)(Port=1521))(ADDRESS=(COMMUNITY=tcp.world)(PROTOCOL=TCP)(Host=192.168.15.2)(Port=1526))))

  VERSION INFORMATION:
	TNS for 32-bit Windows: Version 2.3.2.1.0 - Production
	Windows NT TCP/IP NT Protocol Adapter for 32-bit Windows: Version 2.3.2.1.3 - Production
  Time: 01-OCT-02 08:15:04
  Tracing not turned on.
  Tns error struct:
    nr err code: 12203
    TNS-12203: TNS:no se puede conectar con el destino
    ns main err code: 12541
    TNS-12541: TNS:no hay ningún receptor
    ns secondary err code: 12560
    nt main err code: 511
    TNS-00511: No hay receptor
    nt secondary err code: 61
    nt OS err code: 0


***********************************************************************
Fatal OSN connect error 12203, connecting to:
 (DESCRIPTION=(CONNECT_DATA=(SID=ORCL)(CID=(PROGRAM=F45DES32.EXE)(HOST=PC111)(USER=Inventiva)))(ADDRESS_LIST=(ADDRESS=(PROTOCOL=ipc)(KEY=NGO.world))(ADDRESS=(COMMUNITY=tcp.world)(PROTOCOL=TCP)(Host=192.168.15.2)(Port=1521))(ADDRESS=(COMMUNITY=tcp.world)(PROTOCOL=TCP)(Host=192.168.15.2)(Port=1526))))

  VERSION INFORMATION:
	TNS for 32-bit Windows: Version 2.3.2.1.0 - Production
	Windows NT TCP/IP NT Protocol Adapter for 32-bit Windows: Version 2.3.2.1.3 - Production
  Time: 01-OCT-02 08:15:07
  Tracing not turned on.
  Tns error struct:
    nr err code: 12203
    TNS-12203: TNS:no se puede conectar con el destino
    ns main err code: 12541
    TNS-12541: TNS:no hay ningún receptor
    ns secondary err code: 12560
    nt main err code: 511
    TNS-00511: No hay receptor
    nt secondary err code: 61
    nt OS err code: 0


***********************************************************************
Fatal NI connect error 12203, connecting to:
 (DESCRIPTION=(ADDRESS_LIST=(ADDRESS=(PROTOCOL=BEQ)(PROGRAM=oracle80)(ARGV0=oracle80ORCL)(ARGS='(DESCRIPTION=(LOCAL=YES)(ADDRESS=(PROTOCOL=beq)))')))(CONNECT_DATA=(SID=ORCL)(CID=(PROGRAM=C:\dev6\BIN\ifbld60.EXE)(HOST=PORTATIL)(USER=admin))))

  VERSION INFORMATION:
	TNS for 32-bit Windows: Version 8.0.6.3.0 - Production
	Oracle Bequeath NT Protocol Adapter for 32-bit Windows: Version 8.0.6.3.0 - Production
  Time: 13-OCT-2005 16:27:18
  Tracing not turned on.
  Tns error struct:
    nr err code: 12203
    TNS-12203: TNS:no se puede conectar con el destino
    ns main err code: 12560
    TNS-12560: TNS:error del adaptador de protocolo
    ns secondary err code: 0
    nt main err code: 530
    TNS-00530: Error del adaptador de protocolo
    nt secondary err code: 0
    nt OS err code: 0


***********************************************************************
Fatal NI connect error 12500, connecting to:
 (DESCRIPTION=(ADDRESS_LIST=(ADDRESS=(PROTOCOL=TCP)(HOST=portatil)(PORT=1521)))(CONNECT_DATA=(SERVICE_NAME=vpya)(CID=(PROGRAM=C:\dev6\BIN\ifbld60.EXE)(HOST=PORTATIL)(USER=admin))))

  VERSION INFORMATION:
	TNS for 32-bit Windows: Version 8.0.6.3.0 - Production
	Windows NT TCP/IP NT Protocol Adapter for 32-bit Windows: Version 8.0.6.3.0 - Production
  Time: 30-OCT-2005 17:43:07
  Tracing not turned on.
  Tns error struct:
    nr err code: 12203
    TNS-12203: TNS:no se puede conectar con el destino
    ns main err code: 12564
    TNS-12564: TNS:conexión rechazada
    ns secondary err code: 0
    nt main err code: 0
    nt secondary err code: 0
    nt OS err code: 0


***********************************************************************
Fatal NI connect error 12203, connecting to:
 (DESCRIPTION=(ADDRESS_LIST=(ADDRESS=(PROTOCOL=BEQ)(PROGRAM=oracle80)(ARGV0=oracle80ORCL)(ARGS='(DESCRIPTION=(LOCAL=YES)(ADDRESS=(PROTOCOL=beq)))')))(CONNECT_DATA=(SID=ORCL)(CID=(PROGRAM=C:\dev6\BIN\ifbld60.EXE)(HOST=PORTATIL)(USER=admin))))

  VERSION INFORMATION:
	TNS for 32-bit Windows: Version 8.0.6.3.0 - Production
	Oracle Bequeath NT Protocol Adapter for 32-bit Windows: Version 8.0.6.3.0 - Production
  Time: 30-OCT-2005 21:05:40
  Tracing not turned on.
  Tns error struct:
    nr err code: 12203
    TNS-12203: TNS:no se puede conectar con el destino
    ns main err code: 12560
    TNS-12560: TNS:error del adaptador de protocolo
    ns secondary err code: 0
    nt main err code: 530
    TNS-00530: Error del adaptador de protocolo
    nt secondary err code: 0
    nt OS err code: 0


***********************************************************************
Fatal NI connect error 12203, connecting to:
 (DESCRIPTION=(ADDRESS_LIST=(ADDRESS=(PROTOCOL=BEQ)(PROGRAM=oracle80)(ARGV0=oracle80ORCL)(ARGS='(DESCRIPTION=(LOCAL=YES)(ADDRESS=(PROTOCOL=beq)))')))(CONNECT_DATA=(SID=ORCL)(CID=(PROGRAM=C:\orant\BIN\ifbld60.EXE)(HOST=DESA_APOLO)(USER=user))))

  VERSION INFORMATION:
	TNS for 32-bit Windows: Version 8.0.6.3.0 - Production
	Oracle Bequeath NT Protocol Adapter for 32-bit Windows: Version 8.0.6.3.0 - Production
  Time: 27-AGO-2008 14:57:13
  Tracing not turned on.
  Tns error struct:
    nr err code: 12203
    TNS-12203: TNS:no se puede conectar con el destino
    ns main err code: 12560
    TNS-12560: TNS:error del adaptador de protocolo
    ns secondary err code: 0
    nt main err code: 530
    TNS-00530: Error del adaptador de protocolo
    nt secondary err code: 0
    nt OS err code: 0
